<?xml version="1.0" encoding="UTF-8"?>
<!-- Generated by org.testng.reporters.JUnitXMLReporter -->
<testsuite ignored="0" hostname="DESKTOP-NDPEGGH" failures="0" tests="4" name="Default test" time="39.199" errors="0" timestamp="2026-08-24T12:07:20 IST">
  <testcase classname="RahulShettyAcademy.SeleniumFrameworkDesign.shoppingCartToRefacture" name="VerifyInOrder" time="2.367"/>
  <testcase classname="RahulShettyAcademy.SeleniumFrameworkDesign.shoppingCartToRefacture" name="shopping" time="7.156"/>
  <testcase classname="RahulShettyAcademy.SeleniumFrameworkDesign.shoppingCartToRefacture" name="shopping" time="7.075"/>
  <testcase classname="RahulShettyAcademy.SeleniumFrameworkDesign.shoppingCartToRefacture" name="shopping" time="6.778"/>
</testsuite> <!-- Default test -->
