<?xml version="1.0" encoding="UTF-8"?>
<!-- Generated by org.testng.reporters.JUnitXMLReporter -->
<testsuite ignored="0" hostname="DESKTOP-NDPEGGH" failures="1" tests="5" name="Test" time="57.246" errors="0" timestamp="2026-09-04T18:37:50 IST">
  <testcase classname="RahulShettyAcademy.SeleniumFrameworkDesign.errorValidation" name="incorrectUser" time="6.539">
    <failure type="java.lang.AssertionError" message="expected [true] but found [false]">
      <![CDATA[java.lang.AssertionError: expected [true] but found [false]
at RahulShettyAcademy.SeleniumFrameworkDesign.errorValidation.incorrectUser(errorValidation.java:22)
at java.base/java.util.ArrayList.forEach(ArrayList.java:1596)
... Removed 29 stack frames]]>
    </failure>
  </testcase> <!-- incorrectUser -->
  <testcase classname="RahulShettyAcademy.SeleniumFrameworkDesign.shoppingCartToRefacture" name="VerifyInOrder" time="1.919"/>
  <testcase classname="RahulShettyAcademy.SeleniumFrameworkDesign.shoppingCartToRefacture" name="shopping" time="12.576"/>
  <testcase classname="RahulShettyAcademy.SeleniumFrameworkDesign.shoppingCartToRefacture" name="shopping" time="7.281"/>
  <testcase classname="RahulShettyAcademy.SeleniumFrameworkDesign.shoppingCartToRefacture" name="shopping" time="7.371"/>
</testsuite> <!-- Test -->
