<?xml version="1.0" encoding="UTF-8"?>
<!-- Generated by org.testng.reporters.JUnitXMLReporter -->
<testsuite ignored="0" hostname="DESKTOP-NDPEGGH" failures="2" tests="7" name="Test" time="180.939" errors="0" timestamp="2026-08-27T17:03:14 IST">
  <testcase classname="RahulShettyAcademy.SeleniumFrameworkDesign.errorValidation" name="incorrectUser" time="4.777"/>
  <testcase classname="RahulShettyAcademy.SeleniumFrameworkDesign.shoppingCartToRefacture" name="VerifyInOrder" time="3.344"/>
  <testcase classname="RahulShettyAcademy.SeleniumFrameworkDesign.shoppingCartToRefacture" name="shopping" time="2.449">
    <skipped/>
  </testcase> <!-- shopping -->
  <testcase classname="RahulShettyAcademy.SeleniumFrameworkDesign.shoppingCartToRefacture" name="shopping" time="2.554">
    <failure type="java.util.NoSuchElementException" message="No value present">
      <![CDATA[java.util.NoSuchElementException: No value present
at java.base/java.util.Optional.orElseThrow(Optional.java:377)
at RahulShettyAcademy.SeleniumFrameworkDesign.Products.ProductsPage(Products.java:43)
at RahulShettyAcademy.SeleniumFrameworkDesign.shoppingCartToRefacture.shopping(shoppingCartToRefacture.java:43)
at java.base/java.util.ArrayList.forEach(ArrayList.java:1604)
... Removed 29 stack frames]]>
    </failure>
  </testcase> <!-- shopping -->
  <testcase classname="RahulShettyAcademy.SeleniumFrameworkDesign.shoppingCartToRefacture" name="shopping" time="0.907">
    <skipped/>
  </testcase> <!-- shopping -->
  <testcase classname="RahulShettyAcademy.SeleniumFrameworkDesign.shoppingCartToRefacture" name="shopping" time="0.86">
    <failure type="java.util.NoSuchElementException" message="No value present">
      <![CDATA[java.util.NoSuchElementException: No value present
at java.base/java.util.Optional.orElseThrow(Optional.java:377)
at RahulShettyAcademy.SeleniumFrameworkDesign.Products.ProductsPage(Products.java:43)
at RahulShettyAcademy.SeleniumFrameworkDesign.shoppingCartToRefacture.shopping(shoppingCartToRefacture.java:43)
at java.base/java.util.ArrayList.forEach(ArrayList.java:1604)
... Removed 29 stack frames]]>
    </failure>
  </testcase> <!-- shopping -->
  <testcase classname="RahulShettyAcademy.SeleniumFrameworkDesign.shoppingCartToRefacture" name="shopping" time="7.273"/>
</testsuite> <!-- Test -->
