<?xml version="1.0" encoding="UTF-8"?>
<testng-results ignored="0" total="1" passed="1" failed="0" skipped="0">
  <reporter-output>
  </reporter-output>
  <suite started-at="2026-09-03T12:59:22 IST" name="Suite" finished-at="2026-09-03T12:59:33 IST" duration-ms="10977">
    <groups>
    </groups>
    <test started-at="2026-09-03T12:59:22 IST" name="Test" finished-at="2026-09-03T12:59:33 IST" duration-ms="10977">
      <class name="RahulShettyAcademy.SeleniumFrameworkDesign.errorValidation">
        <test-method signature="incorrectUser()[pri:0, instance:RahulShettyAcademy.SeleniumFrameworkDesign.errorValidation@2e6a5539]" started-at="2026-09-03T12:59:22 IST" name="incorrectUser" finished-at="2026-09-03T12:59:33 IST" duration-ms="10916" status="PASS">
          <reporter-output>
          </reporter-output>
        </test-method> <!-- incorrectUser -->
      </class> <!-- RahulShettyAcademy.SeleniumFrameworkDesign.errorValidation -->
    </test> <!-- Test -->
  </suite> <!-- Suite -->
</testng-results>
