<?xml version="1.0" encoding="UTF-8"?>
<!-- Generated by org.testng.reporters.JUnitReportReporter -->
<testsuite hostname="DESKTOP-NDPEGGH" failures="0" tests="4" name="RahulShettyAcademy.SeleniumFrameworkDesign.shoppingCartToRefacture" time="38.846" errors="0" timestamp="2026-08-24T12:07:20 IST" skipped="0">
  <testcase classname="RahulShettyAcademy.SeleniumFrameworkDesign.shoppingCartToRefacture" name="VerifyInOrder" time="6.673"/>
  <testcase classname="RahulShettyAcademy.SeleniumFrameworkDesign.shoppingCartToRefacture" name="shopping" time="10.651"/>
  <testcase classname="RahulShettyAcademy.SeleniumFrameworkDesign.shoppingCartToRefacture" name="shopping" time="10.452"/>
  <testcase classname="RahulShettyAcademy.SeleniumFrameworkDesign.shoppingCartToRefacture" name="shopping" time="11.070"/>
</testsuite> <!-- RahulShettyAcademy.SeleniumFrameworkDesign.shoppingCartToRefacture -->
