<?xml version="1.0" encoding="UTF-8"?>
<!-- Generated by org.testng.reporters.JUnitReportReporter -->
<testsuite hostname="DESKTOP-NDPEGGH" failures="0" tests="4" name="RahulShettyAcademy.SeleniumFrameworkDesign.shoppingCartToRefacture" time="49.781" errors="0" timestamp="2026-09-04T18:37:51 IST" skipped="0">
  <testcase classname="RahulShettyAcademy.SeleniumFrameworkDesign.shoppingCartToRefacture" name="shopping" time="13.666"/>
  <testcase classname="RahulShettyAcademy.SeleniumFrameworkDesign.shoppingCartToRefacture" name="shopping" time="16.381"/>
  <testcase classname="RahulShettyAcademy.SeleniumFrameworkDesign.shoppingCartToRefacture" name="shopping" time="12.381"/>
  <testcase classname="RahulShettyAcademy.SeleniumFrameworkDesign.shoppingCartToRefacture" name="VerifyInOrder" time="7.353"/>
</testsuite> <!-- RahulShettyAcademy.SeleniumFrameworkDesign.shoppingCartToRefacture -->
