<?xml version="1.0" encoding="UTF-8"?>
<!-- Generated by org.testng.reporters.JUnitReportReporter -->
<testsuite hostname="DESKTOP-NDPEGGH" failures="0" tests="1" name="RahulShettyAcademy.SeleniumFrameworkDesign.errorValidation" time="10.916" errors="0" timestamp="2026-09-03T12:59:33 IST" skipped="0">
  <testcase classname="RahulShettyAcademy.SeleniumFrameworkDesign.errorValidation" name="incorrectUser" time="10.916"/>
</testsuite> <!-- RahulShettyAcademy.SeleniumFrameworkDesign.errorValidation -->
