<?xml version="1.0" encoding="UTF-8"?>
<!-- Generated by org.testng.reporters.JUnitReportReporter -->
<testsuite hostname="DESKTOP-NDPEGGH" failures="0" tests="1" name="RahulShettyAcademy.SeleniumFrameworkDesign.errorValidation" time="9.100" errors="0" timestamp="2026-08-23T20:02:56 IST" skipped="0">
  <testcase classname="RahulShettyAcademy.SeleniumFrameworkDesign.errorValidation" name="incorrectUser" time="9.100"/>
</testsuite> <!-- RahulShettyAcademy.SeleniumFrameworkDesign.errorValidation -->
